<?xml version="1.0" encoding="UTF-8"?>
<!-- Generated by org.testng.reporters.JUnitXMLReporter -->
<testsuite ignored="3" hostname="DESKTOP-JRML3GF" failures="0" tests="1" name="Default test" time="67.384" errors="0" timestamp="2024-08-22T07:40:50 NZST">
  <testcase classname="testcase.TestClass" name="checkingforBrokenLinks" time="67.232"/>
  <testcase classname="testcase.TestClass" name="user_can_typein_Searchbar" time="0.0">
    <ignored/>
  </testcase> <!-- user_can_typein_Searchbar -->
  <testcase classname="testcase.TestClass" name="veryfyingTitle" time="0.0">
    <ignored/>
  </testcase> <!-- veryfyingTitle -->
  <testcase classname="testcase.TestClass" name="checkingForBrokenImages" time="0.0">
    <ignored/>
  </testcase> <!-- checkingForBrokenImages -->
</testsuite> <!-- Default test -->
