<?xml version="1.0" encoding="UTF-8"?>
<!-- Generated by org.testng.reporters.JUnitXMLReporter -->
<testsuite ignored="3" hostname="DESKTOP-JRML3GF" failures="0" tests="7" name="Test" time="27.418" errors="0" timestamp="2024-09-08T16:39:54 NZST">
  <testcase classname="testcase.TestClass" name="verifyTitle" time="0.027"/>
  <testcase classname="testcase.TestClass" name="searchBarEditing" time="0.498"/>
  <testcase classname="testcase.TestClass" name="searchFunctionality" time="1.74"/>
  <testcase classname="testcase.TestClass" name="checkingBrokenImages" time="1.803"/>
  <testcase classname="testcase.TestClass" name="addItemsToCart" time="5.123"/>
  <testcase classname="testcase.TestClass" name="removeItemFromCart" time="5.369"/>
  <testcase classname="testcase.TestClass" name="allPairTesting" time="12.632"/>
  <testcase classname="testcase.TestClass" name="checkingBrokenLinks" time="0.0">
    <ignored/>
  </testcase> <!-- checkingBrokenLinks -->
  <testcase classname="base.Base_Class" name="@BeforeSuite startBrowser" time="0.0">
    <ignored/>
  </testcase> <!-- @BeforeSuite startBrowser -->
  <testcase classname="base.Base_Class" name="@AfterSuite endBrowser" time="0.0">
    <ignored/>
  </testcase> <!-- @AfterSuite endBrowser -->
</testsuite> <!-- Test -->
